# JRE version: OpenJDK Runtime Environment (17.0.7) (build 17.0.7+0-b2043.56-10550314)
# Java VM: OpenJDK 64-Bit Server VM (17.0.7+0-b2043.56-10550314, mixed mode, tiered, compressed oops, compressed class ptrs, g1 gc, windows-amd64)
GC Precious Log:
 CPUs: 4 total, 4 available
 Memory: 8070M
 Large Page Support: Disabled
 NUMA Support: Disabled
 Compressed Oops: Enabled (32-bit)
 Heap Region Size: 1M
 Heap Min Capacity: 8M
 Heap Initial Capacity: 128M
 Heap Max Capacity: 1536M
 Pre-touch: Disabled
 Parallel Workers: 4
 Concurrent Workers: 1
 Concurrent Refinement Workers: 4
 Periodic GC: Disabled
Heap:
 garbage-first heap   total 183296K, used 139336K [0x00000000a0000000, 0x0000000100000000)
  region size 1024K, 7 young (7168K), 2 survivors (2048K)
 Metaspace       used 88613K, committed 89344K, reserved 1179648K
  class space    used 12098K, committed 12416K, reserved 1048576K
GC Heap History (20 events):
Event: 18.729 GC heap before
{Heap before GC invocations=34 (full 0):
 garbage-first heap   total 163840K, used 109553K [0x00000000a0000000, 0x0000000100000000)
  region size 1024K, 18 young (18432K), 1 survivors (1024K)
 Metaspace       used 66753K, committed 67520K, reserved 1114112K
  class space    used 8910K, committed 9280K, reserved 1048576K
}
Event: 18.737 GC heap after
{Heap after GC invocations=35 (full 0):
 garbage-first heap   total 163840K, used 95130K [0x00000000a0000000, 0x0000000100000000)
  region size 1024K, 3 young (3072K), 3 survivors (3072K)
 Metaspace       used 66753K, committed 67520K, reserved 1114112K
  class space    used 8910K, committed 9280K, reserved 1048576K
}
Event: 20.321 GC heap before
{Heap before GC invocations=36 (full 0):
 garbage-first heap   total 183296K, used 139162K [0x00000000a0000000, 0x0000000100000000)
  region size 1024K, 40 young (40960K), 3 survivors (3072K)
 Metaspace       used 69296K, committed 70080K, reserved 1114112K
  class space    used 9240K, committed 9600K, reserved 1048576K
}
Event: 20.336 GC heap after
{Heap after GC invocations=37 (full 0):
 garbage-first heap   total 183296K, used 98427K [0x00000000a0000000, 0x0000000100000000)
  region size 1024K, 5 young (5120K), 5 survivors (5120K)
 Metaspace       used 69296K, committed 70080K, reserved 1114112K
  class space    used 9240K, committed 9600K, reserved 1048576K
}
Event: 20.636 GC heap before
{Heap before GC invocations=37 (full 0):
 garbage-first heap   total 183296K, used 101499K [0x00000000a0000000, 0x0000000100000000)
  region size 1024K, 8 young (8192K), 5 survivors (5120K)
 Metaspace       used 69565K, committed 70272K, reserved 1114112K
  class space    used 9276K, committed 9600K, reserved 1048576K
}
Event: 20.649 GC heap after
{Heap after GC invocations=38 (full 0):
 garbage-first heap   total 183296K, used 98292K [0x00000000a0000000, 0x0000000100000000)
  region size 1024K, 1 young (1024K), 1 survivors (1024K)
 Metaspace       used 69565K, committed 70272K, reserved 1114112K
  class space    used 9276K, committed 9600K, reserved 1048576K
}
Event: 21.929 GC heap before
{Heap before GC invocations=38 (full 0):
 garbage-first heap   total 183296K, used 144372K [0x00000000a0000000, 0x0000000100000000)
  region size 1024K, 46 young (47104K), 1 survivors (1024K)
 Metaspace       used 74965K, committed 75712K, reserved 1114112K
  class space    used 10020K, committed 10368K, reserved 1048576K
}
Event: 21.936 GC heap after
{Heap after GC invocations=39 (full 0):
 garbage-first heap   total 183296K, used 100753K [0x00000000a0000000, 0x0000000100000000)
  region size 1024K, 3 young (3072K), 3 survivors (3072K)
 Metaspace       used 74965K, committed 75712K, reserved 1114112K
  class space    used 10020K, committed 10368K, reserved 1048576K
}
Event: 23.055 GC heap before
{Heap before GC invocations=40 (full 0):
 garbage-first heap   total 183296K, used 148881K [0x00000000a0000000, 0x0000000100000000)
  region size 1024K, 50 young (51200K), 3 survivors (3072K)
 Metaspace       used 78509K, committed 79232K, reserved 1179648K
  class space    used 10498K, committed 10816K, reserved 1048576K
}
Event: 23.069 GC heap after
{Heap after GC invocations=41 (full 0):
 garbage-first heap   total 183296K, used 106163K [0x00000000a0000000, 0x0000000100000000)
  region size 1024K, 7 young (7168K), 7 survivors (7168K)
 Metaspace       used 78509K, committed 79232K, reserved 1179648K
  class space    used 10498K, committed 10816K, reserved 1048576K
}
Event: 23.078 GC heap before
{Heap before GC invocations=41 (full 0):
 garbage-first heap   total 183296K, used 107187K [0x00000000a0000000, 0x0000000100000000)
  region size 1024K, 8 young (8192K), 7 survivors (7168K)
 Metaspace       used 78509K, committed 79232K, reserved 1179648K
  class space    used 10498K, committed 10816K, reserved 1048576K
}
Event: 23.090 GC heap after
{Heap after GC invocations=42 (full 0):
 garbage-first heap   total 183296K, used 106731K [0x00000000a0000000, 0x0000000100000000)
  region size 1024K, 1 young (1024K), 1 survivors (1024K)
 Metaspace       used 78509K, committed 79232K, reserved 1179648K
  class space    used 10498K, committed 10816K, reserved 1048576K
}
Event: 24.313 GC heap before
{Heap before GC invocations=42 (full 0):
 garbage-first heap   total 183296K, used 149739K [0x00000000a0000000, 0x0000000100000000)
  region size 1024K, 43 young (44032K), 1 survivors (1024K)
 Metaspace       used 82353K, committed 83072K, reserved 1179648K
  class space    used 11117K, committed 11456K, reserved 1048576K
}
Event: 24.323 GC heap after
{Heap after GC invocations=43 (full 0):
 garbage-first heap   total 183296K, used 109235K [0x00000000a0000000, 0x0000000100000000)
  region size 1024K, 4 young (4096K), 4 survivors (4096K)
 Metaspace       used 82353K, committed 83072K, reserved 1179648K
  class space    used 11117K, committed 11456K, reserved 1048576K
}
Event: 25.490 GC heap before
{Heap before GC invocations=43 (full 0):
 garbage-first heap   total 183296K, used 150195K [0x00000000a0000000, 0x0000000100000000)
  region size 1024K, 44 young (45056K), 4 survivors (4096K)
 Metaspace       used 86710K, committed 87424K, reserved 1179648K
  class space    used 11847K, committed 12160K, reserved 1048576K
}
Event: 25.501 GC heap after
{Heap after GC invocations=44 (full 0):
 garbage-first heap   total 183296K, used 112171K [0x00000000a0000000, 0x0000000100000000)
  region size 1024K, 3 young (3072K), 3 survivors (3072K)
 Metaspace       used 86710K, committed 87424K, reserved 1179648K
  class space    used 11847K, committed 12160K, reserved 1048576K
}
Event: 25.981 GC heap before
{Heap before GC invocations=44 (full 0):
 garbage-first heap   total 183296K, used 124459K [0x00000000a0000000, 0x0000000100000000)
  region size 1024K, 16 young (16384K), 3 survivors (3072K)
 Metaspace       used 88437K, committed 89216K, reserved 1179648K
  class space    used 12071K, committed 12416K, reserved 1048576K
}
Event: 25.989 GC heap after
{Heap after GC invocations=45 (full 0):
 garbage-first heap   total 183296K, used 113328K [0x00000000a0000000, 0x0000000100000000)
  region size 1024K, 4 young (4096K), 4 survivors (4096K)
 Metaspace       used 88437K, committed 89216K, reserved 1179648K
  class space    used 12071K, committed 12416K, reserved 1048576K
}
Event: 26.010 GC heap before
{Heap before GC invocations=45 (full 0):
 garbage-first heap   total 183296K, used 115376K [0x00000000a0000000, 0x0000000100000000)
  region size 1024K, 5 young (5120K), 4 survivors (4096K)
 Metaspace       used 88437K, committed 89216K, reserved 1179648K
  class space    used 12071K, committed 12416K, reserved 1048576K
}
Event: 26.018 GC heap after
{Heap after GC invocations=46 (full 0):
 garbage-first heap   total 183296K, used 115784K [0x00000000a0000000, 0x0000000100000000)
  region size 1024K, 2 young (2048K), 2 survivors (2048K)
 Metaspace       used 88437K, committed 89216K, reserved 1179648K
  class space    used 12071K, committed 12416K, reserved 1048576K
}

